# JRE version: OpenJDK Runtime Environment Temurin-17.0.17+10 (17.0.17+10) (build 17.0.17+10)
# Java VM: OpenJDK 64-Bit Server VM Temurin-17.0.17+10 (17.0.17+10, mixed mode, emulated-client, sharing, tiered, compressed oops, compressed class ptrs, g1 gc, windows-amd64)
GC Precious Log:
 CPUs: 8 total, 8 available
 Memory: 16050M
 Large Page Support: Disabled
 NUMA Support: Disabled
 Compressed Oops: Enabled (Zero based)
 Heap Region Size: 2M
 Heap Min Capacity: 8M
 Heap Initial Capacity: 252M
 Heap Max Capacity: 4014M
 Pre-touch: Disabled
 Parallel Workers: 8
 Concurrent Workers: 2
 Concurrent Refinement Workers: 8
 Periodic GC: Disabled
Heap:
 garbage-first heap   total 55296K, used 22365K [0x0000000705200000, 0x0000000800000000)
  region size 2048K, 5 young (10240K), 2 survivors (4096K)
 Metaspace       used 30493K, committed 30912K, reserved 1114112K
  class space    used 4351K, committed 4544K, reserved 1048576K
GC Heap History (12 events):
Event: 1.347 GC heap before
{Heap before GC invocations=0 (full 0):
 garbage-first heap   total 258048K, used 22528K [0x0000000705200000, 0x0000000800000000)
  region size 2048K, 11 young (22528K), 0 survivors (0K)
 Metaspace       used 3906K, committed 4032K, reserved 1114112K
  class space    used 512K, committed 576K, reserved 1048576K
}
Event: 1.354 GC heap after
{Heap after GC invocations=1 (full 0):
 garbage-first heap   total 258048K, used 6479K [0x0000000705200000, 0x0000000800000000)
  region size 2048K, 2 young (4096K), 2 survivors (4096K)
 Metaspace       used 3906K, committed 4032K, reserved 1114112K
  class space    used 512K, committed 576K, reserved 1048576K
}
Event: 2.268 GC heap before
{Heap before GC invocations=1 (full 0):
 garbage-first heap   total 258048K, used 31055K [0x0000000705200000, 0x0000000800000000)
  region size 2048K, 14 young (28672K), 2 survivors (4096K)
 Metaspace       used 8906K, committed 9152K, reserved 1114112K
  class space    used 1257K, committed 1408K, reserved 1048576K
}
Event: 2.274 GC heap after
{Heap after GC invocations=2 (full 0):
 garbage-first heap   total 258048K, used 7803K [0x0000000705200000, 0x0000000800000000)
  region size 2048K, 1 young (2048K), 1 survivors (2048K)
 Metaspace       used 8906K, committed 9152K, reserved 1114112K
  class space    used 1257K, committed 1408K, reserved 1048576K
}
Event: 4.830 GC heap before
{Heap before GC invocations=2 (full 0):
 garbage-first heap   total 258048K, used 93819K [0x0000000705200000, 0x0000000800000000)
  region size 2048K, 44 young (90112K), 1 survivors (2048K)
 Metaspace       used 21241K, committed 21504K, reserved 1114112K
  class space    used 2971K, committed 3136K, reserved 1048576K
}
Event: 4.843 GC heap after
{Heap after GC invocations=3 (full 0):
 garbage-first heap   total 258048K, used 13932K [0x0000000705200000, 0x0000000800000000)
  region size 2048K, 4 young (8192K), 4 survivors (8192K)
 Metaspace       used 21241K, committed 21504K, reserved 1114112K
  class space    used 2971K, committed 3136K, reserved 1048576K
}
Event: 6.526 GC heap before
{Heap before GC invocations=4 (full 0):
 garbage-first heap   total 55296K, used 40556K [0x0000000705200000, 0x0000000800000000)
  region size 2048K, 18 young (36864K), 4 survivors (8192K)
 Metaspace       used 24711K, committed 25088K, reserved 1114112K
  class space    used 3553K, committed 3712K, reserved 1048576K
}
Event: 6.536 GC heap after
{Heap after GC invocations=5 (full 0):
 garbage-first heap   total 55296K, used 16187K [0x0000000705200000, 0x0000000800000000)
  region size 2048K, 5 young (10240K), 5 survivors (10240K)
 Metaspace       used 24711K, committed 25088K, reserved 1114112K
  class space    used 3553K, committed 3712K, reserved 1048576K
}
Event: 7.708 GC heap before
{Heap before GC invocations=5 (full 0):
 garbage-first heap   total 55296K, used 36667K [0x0000000705200000, 0x0000000800000000)
  region size 2048K, 15 young (30720K), 5 survivors (10240K)
 Metaspace       used 27634K, committed 28032K, reserved 1114112K
  class space    used 3957K, committed 4160K, reserved 1048576K
}
Event: 7.720 GC heap after
{Heap after GC invocations=6 (full 0):
 garbage-first heap   total 55296K, used 18272K [0x0000000705200000, 0x0000000800000000)
  region size 2048K, 2 young (4096K), 2 survivors (4096K)
 Metaspace       used 27634K, committed 28032K, reserved 1114112K
  class space    used 3957K, committed 4160K, reserved 1048576K
}
Event: 8.602 GC heap before
{Heap before GC invocations=6 (full 0):
 garbage-first heap   total 55296K, used 36704K [0x0000000705200000, 0x0000000800000000)
  region size 2048K, 11 young (22528K), 2 survivors (4096K)
 Metaspace       used 29743K, committed 30208K, reserved 1114112K
  class space    used 4230K, committed 4416K, reserved 1048576K
}
Event: 8.607 GC heap after
{Heap after GC invocations=7 (full 0):
 garbage-first heap   total 55296K, used 18269K [0x0000000705200000, 0x0000000800000000)
  region size 2048K, 2 young (4096K), 2 survivors (4096K)
 Metaspace       used 29743K, committed 30208K, reserved 1114112K
  class space    used 4230K, committed 4416K, reserved 1048576K
}

